Determining if the pthread_create exist failed with the following output:
Change Dir: /home/liushiqi/ClionProjects/BA/cmake-build-debug/CMakeFiles/CMakeTmp

Run Build Command:"/usr/bin/make" "cmTC_ae57b/fast"
/usr/bin/make -f CMakeFiles/cmTC_ae57b.dir/build.make CMakeFiles/cmTC_ae57b.dir/build
make[1]: Entering directory '/home/liushiqi/ClionProjects/BA/cmake-build-debug/CMakeFiles/CMakeTmp'
Building C object CMakeFiles/cmTC_ae57b.dir/CheckSymbolExists.c.o
/usr/bin/cc   -fPIC    -o CMakeFiles/cmTC_ae57b.dir/CheckSymbolExists.c.o   -c /home/liushiqi/ClionProjects/BA/cmake-build-debug/CMakeFiles/CMakeTmp/CheckSymbolExists.c
Linking C executable cmTC_ae57b
/home/liushiqi/clion-2018.2.1/bin/cmake/linux/bin/cmake -E cmake_link_script CMakeFiles/cmTC_ae57b.dir/link.txt --verbose=1
/usr/bin/cc -fPIC     CMakeFiles/cmTC_ae57b.dir/CheckSymbolExists.c.o  -o cmTC_ae57b 
CMakeFiles/cmTC_ae57b.dir/CheckSymbolExists.c.o: In function `main':
CheckSymbolExists.c:(.text+0x1b): undefined reference to `pthread_create'
collect2: error: ld returned 1 exit status
CMakeFiles/cmTC_ae57b.dir/build.make:86: recipe for target 'cmTC_ae57b' failed
make[1]: *** [cmTC_ae57b] Error 1
make[1]: Leaving directory '/home/liushiqi/ClionProjects/BA/cmake-build-debug/CMakeFiles/CMakeTmp'
Makefile:121: recipe for target 'cmTC_ae57b/fast' failed
make: *** [cmTC_ae57b/fast] Error 2

File /home/liushiqi/ClionProjects/BA/cmake-build-debug/CMakeFiles/CMakeTmp/CheckSymbolExists.c:
/* */
#include <pthread.h>

int main(int argc, char** argv)
{
  (void)argv;
#ifndef pthread_create
  return ((int*)(&pthread_create))[argc];
#else
  (void)argc;
  return 0;
#endif
}

Determining if the function pthread_create exists in the pthreads failed with the following output:
Change Dir: /home/liushiqi/ClionProjects/BA/cmake-build-debug/CMakeFiles/CMakeTmp

Run Build Command:"/usr/bin/make" "cmTC_f266b/fast"
/usr/bin/make -f CMakeFiles/cmTC_f266b.dir/build.make CMakeFiles/cmTC_f266b.dir/build
make[1]: Entering directory '/home/liushiqi/ClionProjects/BA/cmake-build-debug/CMakeFiles/CMakeTmp'
Building C object CMakeFiles/cmTC_f266b.dir/CheckFunctionExists.c.o
/usr/bin/cc   -fPIC -DCHECK_FUNCTION_EXISTS=pthread_create   -o CMakeFiles/cmTC_f266b.dir/CheckFunctionExists.c.o   -c /home/liushiqi/clion-2018.2.1/bin/cmake/linux/share/cmake-3.12/Modules/CheckFunctionExists.c
Linking C executable cmTC_f266b
/home/liushiqi/clion-2018.2.1/bin/cmake/linux/bin/cmake -E cmake_link_script CMakeFiles/cmTC_f266b.dir/link.txt --verbose=1
/usr/bin/cc -fPIC -DCHECK_FUNCTION_EXISTS=pthread_create    CMakeFiles/cmTC_f266b.dir/CheckFunctionExists.c.o  -o cmTC_f266b -lpthreads 
/usr/bin/ld: cannot find -lpthreads
collect2: error: ld returned 1 exit status
CMakeFiles/cmTC_f266b.dir/build.make:86: recipe for target 'cmTC_f266b' failed
make[1]: *** [cmTC_f266b] Error 1
make[1]: Leaving directory '/home/liushiqi/ClionProjects/BA/cmake-build-debug/CMakeFiles/CMakeTmp'
Makefile:121: recipe for target 'cmTC_f266b/fast' failed
make: *** [cmTC_f266b/fast] Error 2


