Determining if the pthread_create exist failed with the following output:
Change Dir: /home/liushiqi/ClionProjects/BA/build/CMakeFiles/CMakeTmp

Run Build Command:"/usr/bin/make" "cmTC_ff477/fast"
/usr/bin/make -f CMakeFiles/cmTC_ff477.dir/build.make CMakeFiles/cmTC_ff477.dir/build
make[1]: Entering directory '/home/liushiqi/ClionProjects/BA/build/CMakeFiles/CMakeTmp'
Building C object CMakeFiles/cmTC_ff477.dir/CheckSymbolExists.c.o
/usr/bin/cc   -fPIC    -o CMakeFiles/cmTC_ff477.dir/CheckSymbolExists.c.o   -c /home/liushiqi/ClionProjects/BA/build/CMakeFiles/CMakeTmp/CheckSymbolExists.c
Linking C executable cmTC_ff477
/usr/bin/cmake -E cmake_link_script CMakeFiles/cmTC_ff477.dir/link.txt --verbose=1
/usr/bin/cc -fPIC     CMakeFiles/cmTC_ff477.dir/CheckSymbolExists.c.o  -o cmTC_ff477 
CMakeFiles/cmTC_ff477.dir/CheckSymbolExists.c.o: In function `main':
CheckSymbolExists.c:(.text+0x1b): undefined reference to `pthread_create'
collect2: error: ld returned 1 exit status
CMakeFiles/cmTC_ff477.dir/build.make:97: recipe for target 'cmTC_ff477' failed
make[1]: *** [cmTC_ff477] Error 1
make[1]: Leaving directory '/home/liushiqi/ClionProjects/BA/build/CMakeFiles/CMakeTmp'
Makefile:126: recipe for target 'cmTC_ff477/fast' failed
make: *** [cmTC_ff477/fast] Error 2

File /home/liushiqi/ClionProjects/BA/build/CMakeFiles/CMakeTmp/CheckSymbolExists.c:
/* */
#include <pthread.h>

int main(int argc, char** argv)
{
  (void)argv;
#ifndef pthread_create
  return ((int*)(&pthread_create))[argc];
#else
  (void)argc;
  return 0;
#endif
}

Determining if the function pthread_create exists in the pthreads failed with the following output:
Change Dir: /home/liushiqi/ClionProjects/BA/build/CMakeFiles/CMakeTmp

Run Build Command:"/usr/bin/make" "cmTC_0b886/fast"
/usr/bin/make -f CMakeFiles/cmTC_0b886.dir/build.make CMakeFiles/cmTC_0b886.dir/build
make[1]: Entering directory '/home/liushiqi/ClionProjects/BA/build/CMakeFiles/CMakeTmp'
Building C object CMakeFiles/cmTC_0b886.dir/CheckFunctionExists.c.o
/usr/bin/cc   -fPIC -DCHECK_FUNCTION_EXISTS=pthread_create   -o CMakeFiles/cmTC_0b886.dir/CheckFunctionExists.c.o   -c /usr/share/cmake-3.10/Modules/CheckFunctionExists.c
Linking C executable cmTC_0b886
/usr/bin/cmake -E cmake_link_script CMakeFiles/cmTC_0b886.dir/link.txt --verbose=1
/usr/bin/cc -fPIC -DCHECK_FUNCTION_EXISTS=pthread_create    CMakeFiles/cmTC_0b886.dir/CheckFunctionExists.c.o  -o cmTC_0b886 -lpthreads 
/usr/bin/ld: cannot find -lpthreads
collect2: error: ld returned 1 exit status
CMakeFiles/cmTC_0b886.dir/build.make:97: recipe for target 'cmTC_0b886' failed
make[1]: *** [cmTC_0b886] Error 1
make[1]: Leaving directory '/home/liushiqi/ClionProjects/BA/build/CMakeFiles/CMakeTmp'
Makefile:126: recipe for target 'cmTC_0b886/fast' failed
make: *** [cmTC_0b886/fast] Error 2


